<?xml version="1.0" encoding="UTF-8"?>
<!-- Generated by org.testng.reporters.JUnitXMLReporter -->
<testsuite ignored="3" hostname="Harinder" failures="0" tests="0" time="0.014" errors="0" timestamp="2025-03-20T22:05:05 MDT">
  <testcase classname="com.Harinder.Tests.AndroidStoreTest" name="fillForm" time="0.0">
    <ignored/>
  </testcase> <!-- fillForm -->
  <testcase classname="com.Harinder.Tests.AndroidStoreTest" name="fillFormUsingJson" time="0.0">
    <ignored/>
  </testcase> <!-- fillFormUsingJson -->
  <testcase classname="com.Harinder.Tests.AndroidStoreTest" name="fillFormUsingDataProvider" time="0.0">
    <ignored/>
  </testcase> <!-- fillFormUsingDataProvider -->
</testsuite>
