<?xml version="1.0" encoding="UTF-8"?>
<!-- Generated by org.testng.reporters.JUnitXMLReporter -->
<testsuite ignored="1" hostname="Harinder" failures="0" tests="1" name="Error Validation Test" time="38.233" errors="0" timestamp="2025-03-20T22:05:44 MDT">
  <testcase classname="com.Harinder.Tests.ErrorValidationTest" name="fillForm" time="0.0">
    <skipped/>
  </testcase> <!-- fillForm -->
  <testcase classname="com.Harinder.Tests.ErrorValidationTest" name="fillForm2" time="0.0">
    <ignored/>
  </testcase> <!-- fillForm2 -->
</testsuite> <!-- Error Validation Test -->
