<?xml version="1.0" encoding="UTF-8"?>
<testng-results ignored="0" total="2" passed="2" failed="0" skipped="0">
  <reporter-output>
  </reporter-output>
  <suite started-at="2025-03-21T22:05:03 MDT" name="Default suite" finished-at="2025-03-21T22:07:43 MDT" duration-ms="159948">
    <groups>
      <group name="Smoke">
        <method signature="ErrorValidationTest.fillForm2()[pri:0, instance:com.Harinder.Tests.ErrorValidationTest@451001e5]" name="fillForm2" class="com.Harinder.Tests.ErrorValidationTest"/>
      </group> <!-- Smoke -->
    </groups>
    <test started-at="2025-03-21T22:05:03 MDT" name="Default test" finished-at="2025-03-21T22:07:43 MDT" duration-ms="159948">
      <class name="com.Harinder.Tests.ErrorValidationTest">
        <test-method is-config="true" signature="configureAppium()[pri:0, instance:com.Harinder.Tests.ErrorValidationTest@451001e5]" started-at="2025-03-21T22:05:03 MDT" name="configureAppium" finished-at="2025-03-21T22:06:02 MDT" duration-ms="58641" status="PASS">
          <reporter-output>
          </reporter-output>
        </test-method> <!-- configureAppium -->
        <test-method is-config="true" signature="preSetup()[pri:0, instance:com.Harinder.Tests.ErrorValidationTest@451001e5]" started-at="2025-03-21T22:06:02 MDT" name="preSetup" finished-at="2025-03-21T22:06:02 MDT" duration-ms="27" status="PASS">
          <reporter-output>
          </reporter-output>
        </test-method> <!-- preSetup -->
        <test-method signature="fillForm()[pri:0, instance:com.Harinder.Tests.ErrorValidationTest@451001e5]" started-at="2025-03-21T22:06:02 MDT" name="fillForm" finished-at="2025-03-21T22:06:35 MDT" duration-ms="33178" status="PASS">
          <reporter-output>
          </reporter-output>
        </test-method> <!-- fillForm -->
        <test-method is-config="true" signature="preSetup()[pri:0, instance:com.Harinder.Tests.ErrorValidationTest@451001e5]" started-at="2025-03-21T22:06:35 MDT" name="preSetup" finished-at="2025-03-21T22:06:35 MDT" duration-ms="8" status="PASS">
          <reporter-output>
          </reporter-output>
        </test-method> <!-- preSetup -->
        <test-method signature="fillForm2()[pri:0, instance:com.Harinder.Tests.ErrorValidationTest@451001e5]" started-at="2025-03-21T22:06:35 MDT" name="fillForm2" finished-at="2025-03-21T22:07:41 MDT" duration-ms="66370" status="PASS">
          <reporter-output>
          </reporter-output>
        </test-method> <!-- fillForm2 -->
        <test-method is-config="true" signature="tearDown()[pri:0, instance:com.Harinder.Tests.ErrorValidationTest@451001e5]" started-at="2025-03-21T22:07:41 MDT" name="tearDown" finished-at="2025-03-21T22:07:43 MDT" duration-ms="1606" status="PASS">
          <reporter-output>
          </reporter-output>
        </test-method> <!-- tearDown -->
      </class> <!-- com.Harinder.Tests.ErrorValidationTest -->
    </test> <!-- Default test -->
  </suite> <!-- Default suite -->
</testng-results>
